  Source.cpp
C:\Users\goluw\Documents\GitHub\Mystery_maze\Maze V1\Source.cpp(108,23): warning C4244: 'argument': conversion from 'time_t' to 'unsigned int', possible loss of data
C:\Users\goluw\Documents\GitHub\Mystery_maze\Maze V1\Source.cpp(148,20): warning C4244: 'initializing': conversion from 'float' to 'int', possible loss of data
C:\Users\goluw\Documents\GitHub\Mystery_maze\Maze V1\Source.cpp(149,20): warning C4244: 'initializing': conversion from 'float' to 'int', possible loss of data
C:\Users\goluw\Documents\GitHub\Mystery_maze\Maze V1\Source.cpp(153,24): warning C4244: 'argument': conversion from 'float' to 'const unsigned __int64', possible loss of data
C:\Users\goluw\Documents\GitHub\Mystery_maze\Maze V1\Source.cpp(153,35): warning C4244: 'argument': conversion from 'float' to 'unsigned __int64', possible loss of data
C:\Users\goluw\Documents\GitHub\Mystery_maze\Maze V1\Source.cpp(182,71): warning C4244: 'argument': conversion from 'float' to 'int', possible loss of data
C:\Users\goluw\Documents\GitHub\Mystery_maze\Maze V1\Source.cpp(182,34): warning C4244: 'argument': conversion from 'float' to 'int', possible loss of data
C:\Users\goluw\Documents\GitHub\Mystery_maze\Maze V1\Source.cpp(183,69): warning C4244: 'argument': conversion from 'float' to 'int', possible loss of data
C:\Users\goluw\Documents\GitHub\Mystery_maze\Maze V1\Source.cpp(183,34): warning C4244: 'argument': conversion from 'float' to 'int', possible loss of data
C:\Users\goluw\Documents\GitHub\Mystery_maze\Maze V1\Source.cpp(271,69): warning C4244: 'argument': conversion from 'float' to 'int', possible loss of data
C:\Users\goluw\Documents\GitHub\Mystery_maze\Maze V1\Source.cpp(271,37): warning C4244: 'argument': conversion from 'float' to 'int', possible loss of data
C:\Users\goluw\Documents\GitHub\Mystery_maze\Maze V1\Source.cpp(276,17): warning C4244: 'initializing': conversion from 'int' to 'float', possible loss of data
C:\Users\goluw\Documents\GitHub\Mystery_maze\Maze V1\Source.cpp(277,17): warning C4244: 'initializing': conversion from 'int' to 'float', possible loss of data
C:\Users\goluw\Documents\GitHub\Mystery_maze\Maze V1\Source.cpp(316,69): warning C4244: 'argument': conversion from 'float' to 'int', possible loss of data
C:\Users\goluw\Documents\GitHub\Mystery_maze\Maze V1\Source.cpp(316,37): warning C4244: 'argument': conversion from 'float' to 'int', possible loss of data
C:\Users\goluw\Documents\GitHub\Mystery_maze\Maze V1\Source.cpp(345,69): warning C4244: 'argument': conversion from 'float' to 'int', possible loss of data
C:\Users\goluw\Documents\GitHub\Mystery_maze\Maze V1\Source.cpp(345,37): warning C4244: 'argument': conversion from 'float' to 'int', possible loss of data
C:\Users\goluw\Documents\GitHub\Mystery_maze\Maze V1\Source.cpp(350,17): warning C4244: 'initializing': conversion from 'int' to 'float', possible loss of data
C:\Users\goluw\Documents\GitHub\Mystery_maze\Maze V1\Source.cpp(351,17): warning C4244: 'initializing': conversion from 'int' to 'float', possible loss of data
  Generating code
  67 of 494 functions (13.6%) were compiled, the rest were copied from previous compilation.
    0 functions were new in current compilation
    23 functions had inline decision re-evaluated but remain unchanged
  Finished generating code
  Maze V1.vcxproj -> C:\Users\goluw\Documents\GitHub\Mystery_maze\x64\Release\Maze V1.exe
